{"/Users/family/dev/lagalaga/backend/src/config/env.ts": {"path":"/Users/family/dev/lagalaga/backend/src/config/env.ts","statementMap":{"0":{"start":{"line":1,"column":25},"end":{"line":62,"column":2}}},"fnMap":{},"branchMap":{},"s":{"0":0},"f":{},"b":{}}
,"/Users/family/dev/lagalaga/backend/src/config/supabase.ts": {"path":"/Users/family/dev/lagalaga/backend/src/config/supabase.ts","statementMap":{"0":{"start":{"line":4,"column":44},"end":{"line":4,"column":48}},"1":{"start":{"line":7,"column":2},"end":{"line":9,"column":3}},"2":{"start":{"line":8,"column":4},"end":{"line":8,"column":26}},"3":{"start":{"line":11,"column":2},"end":{"line":20,"column":4}},"4":{"start":{"line":22,"column":2},"end":{"line":22,"column":24}},"5":{"start":{"line":26,"column":2},"end":{"line":28,"column":3}},"6":{"start":{"line":27,"column":4},"end":{"line":27,"column":55}},"7":{"start":{"line":29,"column":2},"end":{"line":29,"column":24}}},"fnMap":{"0":{"name":"initSupabase","decl":{"start":{"line":6,"column":16},"end":{"line":6,"column":28}},"loc":{"start":{"line":6,"column":53},"end":{"line":23,"column":1}}},"1":{"name":"getSupabase","decl":{"start":{"line":25,"column":16},"end":{"line":25,"column":27}},"loc":{"start":{"line":25,"column":27},"end":{"line":30,"column":1}}}},"branchMap":{"0":{"loc":{"start":{"line":7,"column":2},"end":{"line":9,"column":3}},"type":"if","locations":[{"start":{"line":7,"column":2},"end":{"line":9,"column":3}},{"start":{},"end":{}}]},"1":{"loc":{"start":{"line":26,"column":2},"end":{"line":28,"column":3}},"type":"if","locations":[{"start":{"line":26,"column":2},"end":{"line":28,"column":3}},{"start":{},"end":{}}]}},"s":{"0":0,"1":0,"2":0,"3":0,"4":0,"5":0,"6":0,"7":0},"f":{"0":0,"1":0},"b":{"0":[0,0],"1":[0,0]}}
,"/Users/family/dev/lagalaga/backend/src/middleware/authenticate.ts": {"path":"/Users/family/dev/lagalaga/backend/src/middleware/authenticate.ts","statementMap":{"0":{"start":{"line":5,"column":2},"end":{"line":9,"column":3}},"1":{"start":{"line":6,"column":4},"end":{"line":6,"column":30}},"2":{"start":{"line":8,"column":4},"end":{"line":8,"column":83}}},"fnMap":{"0":{"name":"authenticate","decl":{"start":{"line":4,"column":22},"end":{"line":4,"column":34}},"loc":{"start":{"line":4,"column":80},"end":{"line":10,"column":1}}}},"branchMap":{},"s":{"0":0,"1":0,"2":0},"f":{"0":0},"b":{}}
,"/Users/family/dev/lagalaga/backend/src/plugins/auth.ts": {"path":"/Users/family/dev/lagalaga/backend/src/plugins/auth.ts","statementMap":{"0":{"start":{"line":5,"column":2},"end":{"line":10,"column":5}},"1":{"start":{"line":13,"column":2},"end":{"line":21,"column":5}}},"fnMap":{"0":{"name":"authPlugin","decl":{"start":{"line":4,"column":22},"end":{"line":4,"column":32}},"loc":{"start":{"line":4,"column":57},"end":{"line":22,"column":1}}}},"branchMap":{},"s":{"0":0,"1":0},"f":{"0":0},"b":{}}
,"/Users/family/dev/lagalaga/backend/src/plugins/cors.ts": {"path":"/Users/family/dev/lagalaga/backend/src/plugins/cors.ts","statementMap":{"0":{"start":{"line":5,"column":2},"end":{"line":8,"column":5}}},"fnMap":{"0":{"name":"corsPlugin","decl":{"start":{"line":4,"column":22},"end":{"line":4,"column":32}},"loc":{"start":{"line":4,"column":57},"end":{"line":9,"column":1}}}},"branchMap":{"0":{"loc":{"start":{"line":6,"column":12},"end":{"line":6,"column":82}},"type":"cond-expr","locations":[{"start":{"line":6,"column":49},"end":{"line":6,"column":53}},{"start":{"line":6,"column":56},"end":{"line":6,"column":82}}]}},"s":{"0":0},"f":{"0":0},"b":{"0":[0,0]}}
,"/Users/family/dev/lagalaga/backend/src/plugins/errorHandler.ts": {"path":"/Users/family/dev/lagalaga/backend/src/plugins/errorHandler.ts","statementMap":{"0":{"start":{"line":5,"column":2},"end":{"line":55,"column":4}},"1":{"start":{"line":7,"column":6},"end":{"line":7,"column":31}},"2":{"start":{"line":10,"column":6},"end":{"line":18,"column":7}},"3":{"start":{"line":11,"column":8},"end":{"line":17,"column":11}},"4":{"start":{"line":21,"column":6},"end":{"line":29,"column":7}},"5":{"start":{"line":22,"column":8},"end":{"line":28,"column":11}},"6":{"start":{"line":32,"column":6},"end":{"line":41,"column":7}},"7":{"start":{"line":33,"column":8},"end":{"line":40,"column":11}},"8":{"start":{"line":44,"column":25},"end":{"line":44,"column":48}},"9":{"start":{"line":45,"column":6},"end":{"line":53,"column":9}}},"fnMap":{"0":{"name":"errorHandlerPlugin","decl":{"start":{"line":4,"column":22},"end":{"line":4,"column":40}},"loc":{"start":{"line":4,"column":65},"end":{"line":56,"column":1}}},"1":{"name":"(anonymous_1)","decl":{"start":{"line":6,"column":4},"end":{"line":6,"column":9}},"loc":{"start":{"line":6,"column":92},"end":{"line":54,"column":5}}}},"branchMap":{"0":{"loc":{"start":{"line":10,"column":6},"end":{"line":18,"column":7}},"type":"if","locations":[{"start":{"line":10,"column":6},"end":{"line":18,"column":7}},{"start":{},"end":{}}]},"1":{"loc":{"start":{"line":21,"column":6},"end":{"line":29,"column":7}},"type":"if","locations":[{"start":{"line":21,"column":6},"end":{"line":29,"column":7}},{"start":{},"end":{}}]},"2":{"loc":{"start":{"line":21,"column":10},"end":{"line":21,"column":72}},"type":"binary-expr","locations":[{"start":{"line":21,"column":10},"end":{"line":21,"column":44}},{"start":{"line":21,"column":48},"end":{"line":21,"column":72}}]},"3":{"loc":{"start":{"line":32,"column":6},"end":{"line":41,"column":7}},"type":"if","locations":[{"start":{"line":32,"column":6},"end":{"line":41,"column":7}},{"start":{},"end":{}}]},"4":{"loc":{"start":{"line":44,"column":25},"end":{"line":44,"column":48}},"type":"binary-expr","locations":[{"start":{"line":44,"column":25},"end":{"line":44,"column":41}},{"start":{"line":44,"column":45},"end":{"line":44,"column":48}}]},"5":{"loc":{"start":{"line":48,"column":19},"end":{"line":50,"column":27}},"type":"cond-expr","locations":[{"start":{"line":49,"column":14},"end":{"line":49,"column":37}},{"start":{"line":50,"column":14},"end":{"line":50,"column":27}}]}},"s":{"0":0,"1":0,"2":0,"3":0,"4":0,"5":0,"6":0,"7":0,"8":0,"9":0},"f":{"0":0,"1":0},"b":{"0":[0,0],"1":[0,0],"2":[0,0],"3":[0,0],"4":[0,0],"5":[0,0]}}
,"/Users/family/dev/lagalaga/backend/src/routes/auth.ts": {"path":"/Users/family/dev/lagalaga/backend/src/routes/auth.ts","statementMap":{"0":{"start":{"line":10,"column":20},"end":{"line":10,"column":45}},"1":{"start":{"line":13,"column":0},"end":{"line":20,"column":19}},"2":{"start":{"line":14,"column":14},"end":{"line":14,"column":24}},"3":{"start":{"line":15,"column":2},"end":{"line":19,"column":3}},"4":{"start":{"line":16,"column":4},"end":{"line":18,"column":5}},"5":{"start":{"line":17,"column":6},"end":{"line":17,"column":32}},"6":{"start":{"line":23,"column":22},"end":{"line":23,"column":53}},"7":{"start":{"line":24,"column":22},"end":{"line":24,"column":39}},"8":{"start":{"line":25,"column":23},"end":{"line":25,"column":48}},"9":{"start":{"line":31,"column":2},"end":{"line":55,"column":5}},"10":{"start":{"line":44,"column":30},"end":{"line":44,"column":42}},"11":{"start":{"line":46,"column":18},"end":{"line":46,"column":33}},"12":{"start":{"line":47,"column":4},"end":{"line":47,"column":39}},"13":{"start":{"line":49,"column":29},"end":{"line":49,"column":87}},"14":{"start":{"line":51,"column":4},"end":{"line":54,"column":6}},"15":{"start":{"line":61,"column":2},"end":{"line":125,"column":5}},"16":{"start":{"line":80,"column":42},"end":{"line":80,"column":54}},"17":{"start":{"line":83,"column":4},"end":{"line":85,"column":5}},"18":{"start":{"line":84,"column":6},"end":{"line":84,"column":95}},"19":{"start":{"line":86,"column":4},"end":{"line":86,"column":30}},"20":{"start":{"line":89,"column":4},"end":{"line":91,"column":5}},"21":{"start":{"line":90,"column":6},"end":{"line":90,"column":95}},"22":{"start":{"line":94,"column":26},"end":{"line":94,"column":76}},"23":{"start":{"line":97,"column":21},"end":{"line":97,"column":78}},"24":{"start":{"line":100,"column":17},"end":{"line":105,"column":6}},"25":{"start":{"line":108,"column":19},"end":{"line":112,"column":6}},"26":{"start":{"line":114,"column":4},"end":{"line":124,"column":6}},"27":{"start":{"line":131,"column":2},"end":{"line":169,"column":5}},"28":{"start":{"line":144,"column":29},"end":{"line":144,"column":41}},"29":{"start":{"line":146,"column":4},"end":{"line":168,"column":5}},"30":{"start":{"line":147,"column":22},"end":{"line":147,"column":67}},"31":{"start":{"line":150,"column":19},"end":{"line":150,"column":64}},"32":{"start":{"line":151,"column":6},"end":{"line":153,"column":7}},"33":{"start":{"line":152,"column":8},"end":{"line":152,"column":83}},"34":{"start":{"line":156,"column":21},"end":{"line":160,"column":8}},"35":{"start":{"line":162,"column":6},"end":{"line":165,"column":8}},"36":{"start":{"line":167,"column":6},"end":{"line":167,"column":93}},"37":{"start":{"line":175,"column":2},"end":{"line":181,"column":5}},"38":{"start":{"line":180,"column":4},"end":{"line":180,"column":29}},"39":{"start":{"line":187,"column":2},"end":{"line":204,"column":5}},"40":{"start":{"line":190,"column":17},"end":{"line":190,"column":67}},"41":{"start":{"line":191,"column":4},"end":{"line":193,"column":5}},"42":{"start":{"line":192,"column":6},"end":{"line":192,"column":81}},"43":{"start":{"line":195,"column":4},"end":{"line":203,"column":6}}},"fnMap":{"0":{"name":"(anonymous_0)","decl":{"start":{"line":13,"column":12},"end":{"line":13,"column":15}},"loc":{"start":{"line":13,"column":17},"end":{"line":20,"column":1}}},"1":{"name":"authRoutes","decl":{"start":{"line":22,"column":22},"end":{"line":22,"column":32}},"loc":{"start":{"line":22,"column":57},"end":{"line":205,"column":1}}},"2":{"name":"(anonymous_2)","decl":{"start":{"line":43,"column":5},"end":{"line":43,"column":10}},"loc":{"start":{"line":43,"column":23},"end":{"line":55,"column":3}}},"3":{"name":"(anonymous_3)","decl":{"start":{"line":79,"column":5},"end":{"line":79,"column":10}},"loc":{"start":{"line":79,"column":23},"end":{"line":125,"column":3}}},"4":{"name":"(anonymous_4)","decl":{"start":{"line":143,"column":5},"end":{"line":143,"column":10}},"loc":{"start":{"line":143,"column":23},"end":{"line":169,"column":3}}},"5":{"name":"(anonymous_5)","decl":{"start":{"line":177,"column":5},"end":{"line":177,"column":10}},"loc":{"start":{"line":177,"column":31},"end":{"line":181,"column":3}}},"6":{"name":"(anonymous_6)","decl":{"start":{"line":189,"column":5},"end":{"line":189,"column":10}},"loc":{"start":{"line":189,"column":23},"end":{"line":204,"column":3}}}},"branchMap":{"0":{"loc":{"start":{"line":16,"column":4},"end":{"line":18,"column":5}},"type":"if","locations":[{"start":{"line":16,"column":4},"end":{"line":18,"column":5}},{"start":{},"end":{}}]},"1":{"loc":{"start":{"line":83,"column":4},"end":{"line":85,"column":5}},"type":"if","locations":[{"start":{"line":83,"column":4},"end":{"line":85,"column":5}},{"start":{},"end":{}}]},"2":{"loc":{"start":{"line":89,"column":4},"end":{"line":91,"column":5}},"type":"if","locations":[{"start":{"line":89,"column":4},"end":{"line":91,"column":5}},{"start":{},"end":{}}]},"3":{"loc":{"start":{"line":102,"column":22},"end":{"line":102,"column":66}},"type":"binary-expr","locations":[{"start":{"line":102,"column":22},"end":{"line":102,"column":49}},{"start":{"line":102,"column":53},"end":{"line":102,"column":66}}]},"4":{"loc":{"start":{"line":151,"column":6},"end":{"line":153,"column":7}},"type":"if","locations":[{"start":{"line":151,"column":6},"end":{"line":153,"column":7}},{"start":{},"end":{}}]},"5":{"loc":{"start":{"line":191,"column":4},"end":{"line":193,"column":5}},"type":"if","locations":[{"start":{"line":191,"column":4},"end":{"line":193,"column":5}},{"start":{},"end":{}}]}},"s":{"0":0,"1":0,"2":0,"3":0,"4":0,"5":0,"6":0,"7":0,"8":0,"9":0,"10":0,"11":0,"12":0,"13":0,"14":0,"15":0,"16":0,"17":0,"18":0,"19":0,"20":0,"21":0,"22":0,"23":0,"24":0,"25":0,"26":0,"27":0,"28":0,"29":0,"30":0,"31":0,"32":0,"33":0,"34":0,"35":0,"36":0,"37":0,"38":0,"39":0,"40":0,"41":0,"42":0,"43":0},"f":{"0":0,"1":0,"2":0,"3":0,"4":0,"5":0,"6":0},"b":{"0":[0,0],"1":[0,0],"2":[0,0],"3":[0,0],"4":[0,0],"5":[0,0]}}
,"/Users/family/dev/lagalaga/backend/src/routes/roblox.ts": {"path":"/Users/family/dev/lagalaga/backend/src/routes/roblox.ts","statementMap":{"0":{"start":{"line":5,"column":21},"end":{"line":5,"column":47}},"1":{"start":{"line":11,"column":2},"end":{"line":91,"column":4}},"2":{"start":{"line":60,"column":22},"end":{"line":60,"column":34}},"3":{"start":{"line":62,"column":6},"end":{"line":70,"column":7}},"4":{"start":{"line":63,"column":8},"end":{"line":69,"column":11}},"5":{"start":{"line":72,"column":6},"end":{"line":89,"column":7}},"6":{"start":{"line":73,"column":23},"end":{"line":73,"column":54}},"7":{"start":{"line":75,"column":8},"end":{"line":78,"column":11}},"8":{"start":{"line":80,"column":8},"end":{"line":80,"column":77}},"9":{"start":{"line":82,"column":8},"end":{"line":88,"column":11}}},"fnMap":{"0":{"name":"robloxRoutes","decl":{"start":{"line":4,"column":22},"end":{"line":4,"column":34}},"loc":{"start":{"line":4,"column":59},"end":{"line":92,"column":1}}},"1":{"name":"(anonymous_1)","decl":{"start":{"line":59,"column":4},"end":{"line":59,"column":9}},"loc":{"start":{"line":59,"column":29},"end":{"line":90,"column":5}}}},"branchMap":{"0":{"loc":{"start":{"line":62,"column":6},"end":{"line":70,"column":7}},"type":"if","locations":[{"start":{"line":62,"column":6},"end":{"line":70,"column":7}},{"start":{},"end":{}}]},"1":{"loc":{"start":{"line":62,"column":10},"end":{"line":62,"column":41}},"type":"binary-expr","locations":[{"start":{"line":62,"column":10},"end":{"line":62,"column":14}},{"start":{"line":62,"column":18},"end":{"line":62,"column":41}}]},"2":{"loc":{"start":{"line":86,"column":21},"end":{"line":86,"column":98}},"type":"cond-expr","locations":[{"start":{"line":86,"column":46},"end":{"line":86,"column":59}},{"start":{"line":86,"column":62},"end":{"line":86,"column":98}}]}},"s":{"0":0,"1":0,"2":0,"3":0,"4":0,"5":0,"6":0,"7":0,"8":0,"9":0},"f":{"0":0,"1":0},"b":{"0":[0,0],"1":[0,0],"2":[0,0]}}
,"/Users/family/dev/lagalaga/backend/src/routes/sessions.ts": {"path":"/Users/family/dev/lagalaga/backend/src/routes/sessions.ts","statementMap":{"0":{"start":{"line":7,"column":25},"end":{"line":7,"column":45}},"1":{"start":{"line":13,"column":2},"end":{"line":33,"column":5}},"2":{"start":{"line":30,"column":30},"end":{"line":30,"column":43}},"3":{"start":{"line":31,"column":19},"end":{"line":31,"column":71}},"4":{"start":{"line":32,"column":4},"end":{"line":32,"column":18}},"5":{"start":{"line":39,"column":2},"end":{"line":65,"column":5}},"6":{"start":{"line":60,"column":20},"end":{"line":63,"column":6}},"7":{"start":{"line":64,"column":4},"end":{"line":64,"column":23}},"8":{"start":{"line":71,"column":2},"end":{"line":90,"column":5}},"9":{"start":{"line":85,"column":19},"end":{"line":85,"column":73}},"10":{"start":{"line":86,"column":4},"end":{"line":88,"column":5}},"11":{"start":{"line":87,"column":6},"end":{"line":87,"column":85}},"12":{"start":{"line":89,"column":4},"end":{"line":89,"column":18}},"13":{"start":{"line":96,"column":2},"end":{"line":112,"column":5}},"14":{"start":{"line":110,"column":24},"end":{"line":110,"column":96}},"15":{"start":{"line":111,"column":4},"end":{"line":111,"column":27}},"16":{"start":{"line":118,"column":2},"end":{"line":134,"column":5}},"17":{"start":{"line":132,"column":4},"end":{"line":132,"column":78}},"18":{"start":{"line":133,"column":4},"end":{"line":133,"column":29}}},"fnMap":{"0":{"name":"sessionsRoutes","decl":{"start":{"line":6,"column":22},"end":{"line":6,"column":36}},"loc":{"start":{"line":6,"column":61},"end":{"line":135,"column":1}}},"1":{"name":"(anonymous_1)","decl":{"start":{"line":29,"column":5},"end":{"line":29,"column":10}},"loc":{"start":{"line":29,"column":23},"end":{"line":33,"column":3}}},"2":{"name":"(anonymous_2)","decl":{"start":{"line":59,"column":5},"end":{"line":59,"column":10}},"loc":{"start":{"line":59,"column":23},"end":{"line":65,"column":3}}},"3":{"name":"(anonymous_3)","decl":{"start":{"line":84,"column":5},"end":{"line":84,"column":10}},"loc":{"start":{"line":84,"column":23},"end":{"line":90,"column":3}}},"4":{"name":"(anonymous_4)","decl":{"start":{"line":109,"column":5},"end":{"line":109,"column":10}},"loc":{"start":{"line":109,"column":23},"end":{"line":112,"column":3}}},"5":{"name":"(anonymous_5)","decl":{"start":{"line":131,"column":5},"end":{"line":131,"column":10}},"loc":{"start":{"line":131,"column":30},"end":{"line":134,"column":3}}}},"branchMap":{"0":{"loc":{"start":{"line":86,"column":4},"end":{"line":88,"column":5}},"type":"if","locations":[{"start":{"line":86,"column":4},"end":{"line":88,"column":5}},{"start":{},"end":{}}]}},"s":{"0":0,"1":0,"2":0,"3":0,"4":0,"5":0,"6":0,"7":0,"8":0,"9":0,"10":0,"11":0,"12":0,"13":0,"14":0,"15":0,"16":0,"17":0,"18":0},"f":{"0":0,"1":0,"2":0,"3":0,"4":0,"5":0},"b":{"0":[0,0]}}
,"/Users/family/dev/lagalaga/backend/src/services/roblox-link-normalizer.ts": {"path":"/Users/family/dev/lagalaga/backend/src/services/roblox-link-normalizer.ts","statementMap":{"0":{"start":{"line":12,"column":0},"end":{"line":12,"column":null}},"1":{"start":{"line":13,"column":2},"end":{"line":13,"column":null}},"2":{"start":{"line":14,"column":2},"end":{"line":14,"column":null}},"3":{"start":{"line":15,"column":2},"end":{"line":15,"column":null}},"4":{"start":{"line":16,"column":2},"end":{"line":16,"column":null}},"5":{"start":{"line":17,"column":2},"end":{"line":17,"column":null}},"6":{"start":{"line":34,"column":24},"end":{"line":34,"column":34}},"7":{"start":{"line":37,"column":4},"end":{"line":49,"column":5}},"8":{"start":{"line":38,"column":22},"end":{"line":38,"column":59}},"9":{"start":{"line":39,"column":6},"end":{"line":48,"column":7}},"10":{"start":{"line":40,"column":31},"end":{"line":40,"column":63}},"11":{"start":{"line":41,"column":8},"end":{"line":47,"column":10}},"12":{"start":{"line":53,"column":4},"end":{"line":57,"column":5}},"13":{"start":{"line":54,"column":6},"end":{"line":54,"column":39}},"14":{"start":{"line":56,"column":6},"end":{"line":56,"column":44}},"15":{"start":{"line":60,"column":4},"end":{"line":76,"column":5}},"16":{"start":{"line":61,"column":22},"end":{"line":61,"column":64}},"17":{"start":{"line":62,"column":6},"end":{"line":75,"column":7}},"18":{"start":{"line":63,"column":31},"end":{"line":63,"column":63}},"19":{"start":{"line":64,"column":31},"end":{"line":66,"column":52}},"20":{"start":{"line":68,"column":8},"end":{"line":74,"column":10}},"21":{"start":{"line":79,"column":4},"end":{"line":104,"column":5}},"22":{"start":{"line":80,"column":31},"end":{"line":80,"column":69}},"23":{"start":{"line":81,"column":6},"end":{"line":90,"column":7}},"24":{"start":{"line":82,"column":31},"end":{"line":82,"column":72}},"25":{"start":{"line":83,"column":8},"end":{"line":89,"column":10}},"26":{"start":{"line":93,"column":31},"end":{"line":93,"column":69}},"27":{"start":{"line":94,"column":6},"end":{"line":103,"column":7}},"28":{"start":{"line":95,"column":31},"end":{"line":95,"column":72}},"29":{"start":{"line":96,"column":8},"end":{"line":102,"column":10}},"30":{"start":{"line":106,"column":4},"end":{"line":106,"column":58}},"31":{"start":{"line":114,"column":18},"end":{"line":114,"column":55}},"32":{"start":{"line":115,"column":4},"end":{"line":117,"column":5}},"33":{"start":{"line":116,"column":6},"end":{"line":116,"column":36}},"34":{"start":{"line":118,"column":4},"end":{"line":118,"column":16}},"35":{"start":{"line":126,"column":20},"end":{"line":126,"column":51}},"36":{"start":{"line":127,"column":4},"end":{"line":127,"column":50}},"37":{"start":{"line":135,"column":18},"end":{"line":135,"column":44}},"38":{"start":{"line":136,"column":4},"end":{"line":138,"column":5}},"39":{"start":{"line":137,"column":6},"end":{"line":137,"column":36}},"40":{"start":{"line":139,"column":4},"end":{"line":139,"column":16}},"41":{"start":{"line":148,"column":20},"end":{"line":148,"column":53}},"42":{"start":{"line":149,"column":4},"end":{"line":162,"column":5}},"43":{"start":{"line":150,"column":6},"end":{"line":161,"column":7}},"44":{"start":{"line":151,"column":27},"end":{"line":151,"column":54}},"45":{"start":{"line":152,"column":26},"end":{"line":152,"column":45}},"46":{"start":{"line":155,"column":8},"end":{"line":158,"column":10}},"47":{"start":{"line":165,"column":4},"end":{"line":175,"column":5}},"48":{"start":{"line":166,"column":23},"end":{"line":166,"column":65}},"49":{"start":{"line":167,"column":26},"end":{"line":167,"column":43}},"50":{"start":{"line":169,"column":6},"end":{"line":172,"column":8}},"51":{"start":{"line":174,"column":6},"end":{"line":174,"column":18}},"52":{"start":{"line":182,"column":4},"end":{"line":190,"column":5}},"53":{"start":{"line":183,"column":23},"end":{"line":186,"column":8}},"54":{"start":{"line":187,"column":6},"end":{"line":187,"column":26}},"55":{"start":{"line":189,"column":6},"end":{"line":189,"column":51}},"56":{"start":{"line":197,"column":4},"end":{"line":200,"column":6}}},"fnMap":{"0":{"name":"(anonymous_0)","decl":{"start":{"line":12,"column":0},"end":{"line":12,"column":6}},"loc":{"start":{"line":12,"column":26},"end":{"line":18,"column":1}}},"1":{"name":"(anonymous_1)","decl":{"start":{"line":33,"column":2},"end":{"line":33,"column":7}},"loc":{"start":{"line":33,"column":29},"end":{"line":107,"column":3}}},"2":{"name":"(anonymous_2)","decl":{"start":{"line":113,"column":10},"end":{"line":113,"column":32}},"loc":{"start":{"line":113,"column":41},"end":{"line":119,"column":3}}},"3":{"name":"(anonymous_3)","decl":{"start":{"line":125,"column":10},"end":{"line":125,"column":32}},"loc":{"start":{"line":125,"column":41},"end":{"line":128,"column":3}}},"4":{"name":"(anonymous_4)","decl":{"start":{"line":134,"column":10},"end":{"line":134,"column":29}},"loc":{"start":{"line":134,"column":41},"end":{"line":140,"column":3}}},"5":{"name":"(anonymous_5)","decl":{"start":{"line":146,"column":10},"end":{"line":146,"column":15}},"loc":{"start":{"line":146,"column":45},"end":{"line":176,"column":3}}},"6":{"name":"(anonymous_6)","decl":{"start":{"line":181,"column":10},"end":{"line":181,"column":15}},"loc":{"start":{"line":181,"column":43},"end":{"line":191,"column":3}}},"7":{"name":"(anonymous_7)","decl":{"start":{"line":196,"column":10},"end":{"line":196,"column":28}},"loc":{"start":{"line":196,"column":44},"end":{"line":201,"column":3}}}},"branchMap":{"0":{"loc":{"start":{"line":12,"column":12},"end":{"line":12,"column":null}},"type":"binary-expr","locations":[{"start":{"line":12,"column":12},"end":{"line":12,"column":26}},{"start":{"line":12,"column":12},"end":{"line":12,"column":null}}]},"1":{"loc":{"start":{"line":37,"column":4},"end":{"line":49,"column":5}},"type":"if","locations":[{"start":{"line":37,"column":4},"end":{"line":49,"column":5}},{"start":{},"end":{}}]},"2":{"loc":{"start":{"line":39,"column":6},"end":{"line":48,"column":7}},"type":"if","locations":[{"start":{"line":39,"column":6},"end":{"line":48,"column":7}},{"start":{},"end":{}}]},"3":{"loc":{"start":{"line":60,"column":4},"end":{"line":76,"column":5}},"type":"if","locations":[{"start":{"line":60,"column":4},"end":{"line":76,"column":5}},{"start":{},"end":{}}]},"4":{"loc":{"start":{"line":62,"column":6},"end":{"line":75,"column":7}},"type":"if","locations":[{"start":{"line":62,"column":6},"end":{"line":75,"column":7}},{"start":{},"end":{}}]},"5":{"loc":{"start":{"line":64,"column":31},"end":{"line":66,"column":52}},"type":"cond-expr","locations":[{"start":{"line":65,"column":12},"end":{"line":65,"column":49}},{"start":{"line":66,"column":12},"end":{"line":66,"column":52}}]},"6":{"loc":{"start":{"line":79,"column":4},"end":{"line":104,"column":5}},"type":"if","locations":[{"start":{"line":79,"column":4},"end":{"line":104,"column":5}},{"start":{},"end":{}}]},"7":{"loc":{"start":{"line":79,"column":8},"end":{"line":79,"column":86}},"type":"binary-expr","locations":[{"start":{"line":79,"column":8},"end":{"line":79,"column":47}},{"start":{"line":79,"column":51},"end":{"line":79,"column":86}}]},"8":{"loc":{"start":{"line":81,"column":6},"end":{"line":90,"column":7}},"type":"if","locations":[{"start":{"line":81,"column":6},"end":{"line":90,"column":7}},{"start":{},"end":{}}]},"9":{"loc":{"start":{"line":94,"column":6},"end":{"line":103,"column":7}},"type":"if","locations":[{"start":{"line":94,"column":6},"end":{"line":103,"column":7}},{"start":{},"end":{}}]},"10":{"loc":{"start":{"line":115,"column":4},"end":{"line":117,"column":5}},"type":"if","locations":[{"start":{"line":115,"column":4},"end":{"line":117,"column":5}},{"start":{},"end":{}}]},"11":{"loc":{"start":{"line":127,"column":11},"end":{"line":127,"column":49}},"type":"cond-expr","locations":[{"start":{"line":127,"column":21},"end":{"line":127,"column":42}},{"start":{"line":127,"column":45},"end":{"line":127,"column":49}}]},"12":{"loc":{"start":{"line":136,"column":4},"end":{"line":138,"column":5}},"type":"if","locations":[{"start":{"line":136,"column":4},"end":{"line":138,"column":5}},{"start":{},"end":{}}]},"13":{"loc":{"start":{"line":149,"column":4},"end":{"line":162,"column":5}},"type":"if","locations":[{"start":{"line":149,"column":4},"end":{"line":162,"column":5}},{"start":{},"end":{}}]},"14":{"loc":{"start":{"line":156,"column":10},"end":{"line":157,"column":48}},"type":"binary-expr","locations":[{"start":{"line":156,"column":10},"end":{"line":156,"column":48}},{"start":{"line":157,"column":10},"end":{"line":157,"column":48}}]},"15":{"loc":{"start":{"line":170,"column":8},"end":{"line":171,"column":48}},"type":"binary-expr","locations":[{"start":{"line":170,"column":8},"end":{"line":170,"column":48}},{"start":{"line":171,"column":8},"end":{"line":171,"column":48}}]}},"s":{"0":1,"1":1,"2":1,"3":1,"4":1,"5":1,"6":28,"7":28,"8":5,"9":5,"10":4,"11":4,"12":24,"13":24,"14":2,"15":22,"16":7,"17":7,"18":6,"19":6,"20":6,"21":16,"22":13,"23":13,"24":9,"25":9,"26":4,"27":4,"28":3,"29":3,"30":4,"31":19,"32":19,"33":13,"34":6,"35":6,"36":6,"37":5,"38":5,"39":4,"40":1,"41":7,"42":7,"43":3,"44":3,"45":3,"46":3,"47":4,"48":4,"49":3,"50":3,"51":1,"52":4,"53":4,"54":3,"55":1,"56":22},"f":{"0":1,"1":28,"2":19,"3":6,"4":5,"5":7,"6":4,"7":22},"b":{"0":[1,1],"1":[5,23],"2":[4,1],"3":[7,15],"4":[6,1],"5":[3,3],"6":[13,3],"7":[16,4],"8":[9,4],"9":[3,1],"10":[13,6],"11":[5,1],"12":[4,1],"13":[3,4],"14":[3,1],"15":[3,1]}}
,"/Users/family/dev/lagalaga/backend/src/services/robloxOAuth.ts": {"path":"/Users/family/dev/lagalaga/backend/src/services/robloxOAuth.ts","statementMap":{"0":{"start":{"line":25,"column":35},"end":{"line":25,"column":75}},"1":{"start":{"line":26,"column":38},"end":{"line":26,"column":81}},"2":{"start":{"line":27,"column":43},"end":{"line":27,"column":87}},"3":{"start":{"line":29,"column":22},"end":{"line":29,"column":46}},"4":{"start":{"line":35,"column":19},"end":{"line":43,"column":6}},"5":{"start":{"line":45,"column":4},"end":{"line":45,"column":64}},"6":{"start":{"line":52,"column":17},"end":{"line":59,"column":6}},"7":{"start":{"line":61,"column":4},"end":{"line":87,"column":5}},"8":{"start":{"line":62,"column":23},"end":{"line":68,"column":8}},"9":{"start":{"line":70,"column":6},"end":{"line":76,"column":7}},"10":{"start":{"line":71,"column":26},"end":{"line":71,"column":52}},"11":{"start":{"line":72,"column":8},"end":{"line":75,"column":10}},"12":{"start":{"line":78,"column":6},"end":{"line":78,"column":63}},"13":{"start":{"line":80,"column":6},"end":{"line":82,"column":7}},"14":{"start":{"line":81,"column":8},"end":{"line":81,"column":20}},"15":{"start":{"line":83,"column":6},"end":{"line":86,"column":8}},"16":{"start":{"line":94,"column":4},"end":{"line":119,"column":5}},"17":{"start":{"line":95,"column":23},"end":{"line":100,"column":8}},"18":{"start":{"line":102,"column":6},"end":{"line":108,"column":7}},"19":{"start":{"line":103,"column":26},"end":{"line":103,"column":52}},"20":{"start":{"line":104,"column":8},"end":{"line":107,"column":10}},"21":{"start":{"line":110,"column":6},"end":{"line":110,"column":58}},"22":{"start":{"line":112,"column":6},"end":{"line":114,"column":7}},"23":{"start":{"line":113,"column":8},"end":{"line":113,"column":20}},"24":{"start":{"line":115,"column":6},"end":{"line":118,"column":8}},"25":{"start":{"line":127,"column":4},"end":{"line":139,"column":5}},"26":{"start":{"line":128,"column":20},"end":{"line":128,"column":38}},"27":{"start":{"line":129,"column":6},"end":{"line":131,"column":7}},"28":{"start":{"line":130,"column":8},"end":{"line":130,"column":46}},"29":{"start":{"line":132,"column":22},"end":{"line":132,"column":74}},"30":{"start":{"line":133,"column":6},"end":{"line":133,"column":33}},"31":{"start":{"line":135,"column":6},"end":{"line":138,"column":8}}},"fnMap":{"0":{"name":"(anonymous_0)","decl":{"start":{"line":29,"column":2},"end":{"line":29,"column":22}},"loc":{"start":{"line":29,"column":46},"end":{"line":29,"column":50}}},"1":{"name":"(anonymous_1)","decl":{"start":{"line":34,"column":2},"end":{"line":34,"column":26}},"loc":{"start":{"line":34,"column":63},"end":{"line":46,"column":3}}},"2":{"name":"(anonymous_2)","decl":{"start":{"line":51,"column":2},"end":{"line":51,"column":7}},"loc":{"start":{"line":51,"column":55},"end":{"line":88,"column":3}}},"3":{"name":"(anonymous_3)","decl":{"start":{"line":93,"column":2},"end":{"line":93,"column":7}},"loc":{"start":{"line":93,"column":39},"end":{"line":120,"column":3}}},"4":{"name":"(anonymous_4)","decl":{"start":{"line":126,"column":2},"end":{"line":126,"column":15}},"loc":{"start":{"line":126,"column":31},"end":{"line":140,"column":3}}}},"branchMap":{"0":{"loc":{"start":{"line":70,"column":6},"end":{"line":76,"column":7}},"type":"if","locations":[{"start":{"line":70,"column":6},"end":{"line":76,"column":7}},{"start":{},"end":{}}]},"1":{"loc":{"start":{"line":80,"column":6},"end":{"line":82,"column":7}},"type":"if","locations":[{"start":{"line":80,"column":6},"end":{"line":82,"column":7}},{"start":{},"end":{}}]},"2":{"loc":{"start":{"line":85,"column":36},"end":{"line":85,"column":92}},"type":"cond-expr","locations":[{"start":{"line":85,"column":61},"end":{"line":85,"column":74}},{"start":{"line":85,"column":77},"end":{"line":85,"column":92}}]},"3":{"loc":{"start":{"line":102,"column":6},"end":{"line":108,"column":7}},"type":"if","locations":[{"start":{"line":102,"column":6},"end":{"line":108,"column":7}},{"start":{},"end":{}}]},"4":{"loc":{"start":{"line":112,"column":6},"end":{"line":114,"column":7}},"type":"if","locations":[{"start":{"line":112,"column":6},"end":{"line":114,"column":7}},{"start":{},"end":{}}]},"5":{"loc":{"start":{"line":117,"column":36},"end":{"line":117,"column":92}},"type":"cond-expr","locations":[{"start":{"line":117,"column":61},"end":{"line":117,"column":74}},{"start":{"line":117,"column":77},"end":{"line":117,"column":92}}]},"6":{"loc":{"start":{"line":129,"column":6},"end":{"line":131,"column":7}},"type":"if","locations":[{"start":{"line":129,"column":6},"end":{"line":131,"column":7}},{"start":{},"end":{}}]}},"s":{"0":0,"1":0,"2":0,"3":0,"4":0,"5":0,"6":0,"7":0,"8":0,"9":0,"10":0,"11":0,"12":0,"13":0,"14":0,"15":0,"16":0,"17":0,"18":0,"19":0,"20":0,"21":0,"22":0,"23":0,"24":0,"25":0,"26":0,"27":0,"28":0,"29":0,"30":0,"31":0},"f":{"0":0,"1":0,"2":0,"3":0,"4":0},"b":{"0":[0,0],"1":[0,0],"2":[0,0],"3":[0,0],"4":[0,0],"5":[0,0],"6":[0,0]}}
,"/Users/family/dev/lagalaga/backend/src/services/sessionService.ts": {"path":"/Users/family/dev/lagalaga/backend/src/services/sessionService.ts","statementMap":{"0":{"start":{"line":57,"column":21},"end":{"line":57,"column":34}},"1":{"start":{"line":58,"column":18},"end":{"line":58,"column":36}},"2":{"start":{"line":59,"column":19},"end":{"line":59,"column":37}},"3":{"start":{"line":61,"column":35},"end":{"line":66,"column":40}},"4":{"start":{"line":68,"column":4},"end":{"line":70,"column":5}},"5":{"start":{"line":69,"column":6},"end":{"line":69,"column":97}},"6":{"start":{"line":72,"column":32},"end":{"line":89,"column":7}},"7":{"start":{"line":72,"column":64},"end":{"line":89,"column":6}},"8":{"start":{"line":91,"column":4},"end":{"line":91,"column":43}},"9":{"start":{"line":95,"column":21},"end":{"line":95,"column":34}},"10":{"start":{"line":97,"column":55},"end":{"line":101,"column":15}},"11":{"start":{"line":103,"column":4},"end":{"line":108,"column":5}},"12":{"start":{"line":104,"column":6},"end":{"line":106,"column":7}},"13":{"start":{"line":105,"column":8},"end":{"line":105,"column":20}},"14":{"start":{"line":107,"column":6},"end":{"line":107,"column":102}},"15":{"start":{"line":110,"column":29},"end":{"line":127,"column":6}},"16":{"start":{"line":130,"column":65},"end":{"line":133,"column":27}},"17":{"start":{"line":135,"column":4},"end":{"line":137,"column":5}},"18":{"start":{"line":136,"column":6},"end":{"line":136,"column":112}},"19":{"start":{"line":139,"column":47},"end":{"line":144,"column":7}},"20":{"start":{"line":139,"column":91},"end":{"line":144,"column":6}},"21":{"start":{"line":146,"column":4},"end":{"line":146,"column":37}},"22":{"start":{"line":150,"column":21},"end":{"line":150,"column":34}},"23":{"start":{"line":153,"column":49},"end":{"line":166,"column":15}},"24":{"start":{"line":168,"column":4},"end":{"line":170,"column":5}},"25":{"start":{"line":169,"column":6},"end":{"line":169,"column":99}},"26":{"start":{"line":173,"column":55},"end":{"line":187,"column":15}},"27":{"start":{"line":189,"column":4},"end":{"line":191,"column":5}},"28":{"start":{"line":190,"column":6},"end":{"line":190,"column":105}},"29":{"start":{"line":194,"column":4},"end":{"line":199,"column":7}},"30":{"start":{"line":201,"column":4},"end":{"line":218,"column":6}},"31":{"start":{"line":222,"column":21},"end":{"line":222,"column":34}},"32":{"start":{"line":225,"column":26},"end":{"line":225,"column":62}},"33":{"start":{"line":226,"column":4},"end":{"line":228,"column":5}},"34":{"start":{"line":227,"column":6},"end":{"line":227,"column":85}},"35":{"start":{"line":230,"column":38},"end":{"line":230,"column":51}},"36":{"start":{"line":233,"column":32},"end":{"line":233,"column":78}},"37":{"start":{"line":233,"column":59},"end":{"line":233,"column":77}},"38":{"start":{"line":234,"column":4},"end":{"line":236,"column":5}},"39":{"start":{"line":235,"column":6},"end":{"line":235,"column":78}},"40":{"start":{"line":239,"column":32},"end":{"line":239,"column":77}},"41":{"start":{"line":239,"column":57},"end":{"line":239,"column":76}},"42":{"start":{"line":240,"column":4},"end":{"line":242,"column":5}},"43":{"start":{"line":241,"column":6},"end":{"line":241,"column":33}},"44":{"start":{"line":245,"column":28},"end":{"line":259,"column":15}},"45":{"start":{"line":261,"column":4},"end":{"line":263,"column":5}},"46":{"start":{"line":262,"column":6},"end":{"line":262,"column":96}},"47":{"start":{"line":265,"column":4},"end":{"line":270,"column":6}},"48":{"start":{"line":274,"column":21},"end":{"line":274,"column":34}},"49":{"start":{"line":277,"column":22},"end":{"line":281,"column":28}},"50":{"start":{"line":283,"column":4},"end":{"line":285,"column":5}},"51":{"start":{"line":284,"column":6},"end":{"line":284,"column":97}}},"fnMap":{"0":{"name":"(anonymous_0)","decl":{"start":{"line":56,"column":2},"end":{"line":56,"column":7}},"loc":{"start":{"line":56,"column":52},"end":{"line":92,"column":3}}},"1":{"name":"(anonymous_1)","decl":{"start":{"line":72,"column":49},"end":{"line":72,"column":50}},"loc":{"start":{"line":72,"column":64},"end":{"line":89,"column":6}}},"2":{"name":"(anonymous_2)","decl":{"start":{"line":94,"column":2},"end":{"line":94,"column":7}},"loc":{"start":{"line":94,"column":33},"end":{"line":147,"column":3}}},"3":{"name":"(anonymous_3)","decl":{"start":{"line":139,"column":76},"end":{"line":139,"column":77}},"loc":{"start":{"line":139,"column":91},"end":{"line":144,"column":6}}},"4":{"name":"(anonymous_4)","decl":{"start":{"line":149,"column":2},"end":{"line":149,"column":7}},"loc":{"start":{"line":149,"column":47},"end":{"line":219,"column":3}}},"5":{"name":"(anonymous_5)","decl":{"start":{"line":221,"column":2},"end":{"line":221,"column":7}},"loc":{"start":{"line":221,"column":53},"end":{"line":271,"column":3}}},"6":{"name":"(anonymous_6)","decl":{"start":{"line":233,"column":52},"end":{"line":233,"column":53}},"loc":{"start":{"line":233,"column":59},"end":{"line":233,"column":77}}},"7":{"name":"(anonymous_7)","decl":{"start":{"line":239,"column":50},"end":{"line":239,"column":51}},"loc":{"start":{"line":239,"column":57},"end":{"line":239,"column":76}}},"8":{"name":"(anonymous_8)","decl":{"start":{"line":273,"column":2},"end":{"line":273,"column":7}},"loc":{"start":{"line":273,"column":54},"end":{"line":286,"column":3}}}},"branchMap":{"0":{"loc":{"start":{"line":56,"column":21},"end":{"line":56,"column":52}},"type":"default-arg","locations":[{"start":{"line":56,"column":50},"end":{"line":56,"column":52}}]},"1":{"loc":{"start":{"line":58,"column":18},"end":{"line":58,"column":36}},"type":"binary-expr","locations":[{"start":{"line":58,"column":18},"end":{"line":58,"column":30}},{"start":{"line":58,"column":34},"end":{"line":58,"column":36}}]},"2":{"loc":{"start":{"line":59,"column":19},"end":{"line":59,"column":37}},"type":"binary-expr","locations":[{"start":{"line":59,"column":19},"end":{"line":59,"column":32}},{"start":{"line":59,"column":36},"end":{"line":59,"column":37}}]},"3":{"loc":{"start":{"line":68,"column":4},"end":{"line":70,"column":5}},"type":"if","locations":[{"start":{"line":68,"column":4},"end":{"line":70,"column":5}},{"start":{},"end":{}}]},"4":{"loc":{"start":{"line":72,"column":33},"end":{"line":72,"column":43}},"type":"binary-expr","locations":[{"start":{"line":72,"column":33},"end":{"line":72,"column":37}},{"start":{"line":72,"column":41},"end":{"line":72,"column":43}}]},"5":{"loc":{"start":{"line":91,"column":30},"end":{"line":91,"column":40}},"type":"binary-expr","locations":[{"start":{"line":91,"column":30},"end":{"line":91,"column":35}},{"start":{"line":91,"column":39},"end":{"line":91,"column":40}}]},"6":{"loc":{"start":{"line":103,"column":4},"end":{"line":108,"column":5}},"type":"if","locations":[{"start":{"line":103,"column":4},"end":{"line":108,"column":5}},{"start":{},"end":{}}]},"7":{"loc":{"start":{"line":104,"column":6},"end":{"line":106,"column":7}},"type":"if","locations":[{"start":{"line":104,"column":6},"end":{"line":106,"column":7}},{"start":{},"end":{}}]},"8":{"loc":{"start":{"line":135,"column":4},"end":{"line":137,"column":5}},"type":"if","locations":[{"start":{"line":135,"column":4},"end":{"line":137,"column":5}},{"start":{},"end":{}}]},"9":{"loc":{"start":{"line":139,"column":48},"end":{"line":139,"column":70}},"type":"binary-expr","locations":[{"start":{"line":139,"column":48},"end":{"line":139,"column":64}},{"start":{"line":139,"column":68},"end":{"line":139,"column":70}}]},"10":{"loc":{"start":{"line":168,"column":4},"end":{"line":170,"column":5}},"type":"if","locations":[{"start":{"line":168,"column":4},"end":{"line":170,"column":5}},{"start":{},"end":{}}]},"11":{"loc":{"start":{"line":183,"column":20},"end":{"line":183,"column":48}},"type":"binary-expr","locations":[{"start":{"line":183,"column":20},"end":{"line":183,"column":36}},{"start":{"line":183,"column":40},"end":{"line":183,"column":48}}]},"12":{"loc":{"start":{"line":189,"column":4},"end":{"line":191,"column":5}},"type":"if","locations":[{"start":{"line":189,"column":4},"end":{"line":191,"column":5}},{"start":{},"end":{}}]},"13":{"loc":{"start":{"line":226,"column":4},"end":{"line":228,"column":5}},"type":"if","locations":[{"start":{"line":226,"column":4},"end":{"line":228,"column":5}},{"start":{},"end":{}}]},"14":{"loc":{"start":{"line":234,"column":4},"end":{"line":236,"column":5}},"type":"if","locations":[{"start":{"line":234,"column":4},"end":{"line":236,"column":5}},{"start":{},"end":{}}]},"15":{"loc":{"start":{"line":240,"column":4},"end":{"line":242,"column":5}},"type":"if","locations":[{"start":{"line":240,"column":4},"end":{"line":242,"column":5}},{"start":{},"end":{}}]},"16":{"loc":{"start":{"line":240,"column":8},"end":{"line":240,"column":69}},"type":"binary-expr","locations":[{"start":{"line":240,"column":8},"end":{"line":240,"column":27}},{"start":{"line":240,"column":31},"end":{"line":240,"column":69}}]},"17":{"loc":{"start":{"line":261,"column":4},"end":{"line":263,"column":5}},"type":"if","locations":[{"start":{"line":261,"column":4},"end":{"line":263,"column":5}},{"start":{},"end":{}}]},"18":{"loc":{"start":{"line":283,"column":4},"end":{"line":285,"column":5}},"type":"if","locations":[{"start":{"line":283,"column":4},"end":{"line":285,"column":5}},{"start":{},"end":{}}]}},"s":{"0":0,"1":0,"2":0,"3":0,"4":0,"5":0,"6":0,"7":0,"8":0,"9":0,"10":0,"11":0,"12":0,"13":0,"14":0,"15":0,"16":0,"17":0,"18":0,"19":0,"20":0,"21":0,"22":0,"23":0,"24":0,"25":0,"26":0,"27":0,"28":0,"29":0,"30":0,"31":0,"32":0,"33":0,"34":0,"35":0,"36":0,"37":0,"38":0,"39":0,"40":0,"41":0,"42":0,"43":0,"44":0,"45":0,"46":0,"47":0,"48":0,"49":0,"50":0,"51":0},"f":{"0":0,"1":0,"2":0,"3":0,"4":0,"5":0,"6":0,"7":0,"8":0},"b":{"0":[0],"1":[0,0],"2":[0,0],"3":[0,0],"4":[0,0],"5":[0,0],"6":[0,0],"7":[0,0],"8":[0,0],"9":[0,0],"10":[0,0],"11":[0,0],"12":[0,0],"13":[0,0],"14":[0,0],"15":[0,0],"16":[0,0],"17":[0,0],"18":[0,0]}}
,"/Users/family/dev/lagalaga/backend/src/services/tokenService.ts": {"path":"/Users/family/dev/lagalaga/backend/src/services/tokenService.ts","statementMap":{"0":{"start":{"line":15,"column":22},"end":{"line":15,"column":46}},"1":{"start":{"line":18,"column":24},"end":{"line":27,"column":null}},"2":{"start":{"line":30,"column":25},"end":{"line":33,"column":6}},"3":{"start":{"line":35,"column":4},"end":{"line":35,"column":41}},"4":{"start":{"line":39,"column":20},"end":{"line":39,"column":57}},"5":{"start":{"line":40,"column":4},"end":{"line":44,"column":6}},"6":{"start":{"line":48,"column":20},"end":{"line":48,"column":53}},"7":{"start":{"line":49,"column":4},"end":{"line":52,"column":6}}},"fnMap":{"0":{"name":"(anonymous_0)","decl":{"start":{"line":15,"column":2},"end":{"line":15,"column":22}},"loc":{"start":{"line":15,"column":46},"end":{"line":15,"column":50}}},"1":{"name":"(anonymous_1)","decl":{"start":{"line":17,"column":2},"end":{"line":17,"column":16}},"loc":{"start":{"line":17,"column":38},"end":{"line":36,"column":3}}},"2":{"name":"(anonymous_2)","decl":{"start":{"line":38,"column":2},"end":{"line":38,"column":19}},"loc":{"start":{"line":38,"column":33},"end":{"line":45,"column":3}}},"3":{"name":"(anonymous_3)","decl":{"start":{"line":47,"column":2},"end":{"line":47,"column":20}},"loc":{"start":{"line":47,"column":34},"end":{"line":53,"column":3}}}},"branchMap":{},"s":{"0":0,"1":0,"2":0,"3":0,"4":0,"5":0,"6":0,"7":0},"f":{"0":0,"1":0,"2":0,"3":0},"b":{}}
,"/Users/family/dev/lagalaga/backend/src/services/userService.ts": {"path":"/Users/family/dev/lagalaga/backend/src/services/userService.ts","statementMap":{"0":{"start":{"line":24,"column":21},"end":{"line":24,"column":34}},"1":{"start":{"line":26,"column":28},"end":{"line":42,"column":15}},"2":{"start":{"line":44,"column":4},"end":{"line":46,"column":5}},"3":{"start":{"line":45,"column":6},"end":{"line":45,"column":95}},"4":{"start":{"line":48,"column":4},"end":{"line":57,"column":6}},"5":{"start":{"line":61,"column":21},"end":{"line":61,"column":34}},"6":{"start":{"line":63,"column":28},"end":{"line":67,"column":15}},"7":{"start":{"line":69,"column":4},"end":{"line":74,"column":5}},"8":{"start":{"line":70,"column":6},"end":{"line":72,"column":7}},"9":{"start":{"line":71,"column":8},"end":{"line":71,"column":20}},"10":{"start":{"line":73,"column":6},"end":{"line":73,"column":92}},"11":{"start":{"line":76,"column":4},"end":{"line":85,"column":6}}},"fnMap":{"0":{"name":"(anonymous_0)","decl":{"start":{"line":23,"column":2},"end":{"line":23,"column":7}},"loc":{"start":{"line":23,"column":41},"end":{"line":58,"column":3}}},"1":{"name":"(anonymous_1)","decl":{"start":{"line":60,"column":2},"end":{"line":60,"column":7}},"loc":{"start":{"line":60,"column":30},"end":{"line":86,"column":3}}}},"branchMap":{"0":{"loc":{"start":{"line":32,"column":31},"end":{"line":32,"column":62}},"type":"binary-expr","locations":[{"start":{"line":32,"column":31},"end":{"line":32,"column":54}},{"start":{"line":32,"column":58},"end":{"line":32,"column":62}}]},"1":{"loc":{"start":{"line":33,"column":30},"end":{"line":33,"column":60}},"type":"binary-expr","locations":[{"start":{"line":33,"column":30},"end":{"line":33,"column":52}},{"start":{"line":33,"column":56},"end":{"line":33,"column":60}}]},"2":{"loc":{"start":{"line":44,"column":4},"end":{"line":46,"column":5}},"type":"if","locations":[{"start":{"line":44,"column":4},"end":{"line":46,"column":5}},{"start":{},"end":{}}]},"3":{"loc":{"start":{"line":69,"column":4},"end":{"line":74,"column":5}},"type":"if","locations":[{"start":{"line":69,"column":4},"end":{"line":74,"column":5}},{"start":{},"end":{}}]},"4":{"loc":{"start":{"line":70,"column":6},"end":{"line":72,"column":7}},"type":"if","locations":[{"start":{"line":70,"column":6},"end":{"line":72,"column":7}},{"start":{},"end":{}}]}},"s":{"0":0,"1":0,"2":0,"3":0,"4":0,"5":0,"6":0,"7":0,"8":0,"9":0,"10":0,"11":0},"f":{"0":0,"1":0},"b":{"0":[0,0],"1":[0,0],"2":[0,0],"3":[0,0],"4":[0,0]}}
,"/Users/family/dev/lagalaga/backend/src/utils/crypto.ts": {"path":"/Users/family/dev/lagalaga/backend/src/utils/crypto.ts","statementMap":{"0":{"start":{"line":7,"column":2},"end":{"line":7,"column":54}},"1":{"start":{"line":15,"column":2},"end":{"line":17,"column":3}},"2":{"start":{"line":16,"column":4},"end":{"line":16,"column":17}},"3":{"start":{"line":18,"column":2},"end":{"line":18,"column":46}},"4":{"start":{"line":25,"column":2},"end":{"line":25,"column":74}}},"fnMap":{"0":{"name":"generateState","decl":{"start":{"line":6,"column":16},"end":{"line":6,"column":29}},"loc":{"start":{"line":6,"column":29},"end":{"line":8,"column":1}}},"1":{"name":"isValidCodeVerifier","decl":{"start":{"line":14,"column":16},"end":{"line":14,"column":35}},"loc":{"start":{"line":14,"column":52},"end":{"line":19,"column":1}}},"2":{"name":"generateCodeChallenge","decl":{"start":{"line":24,"column":16},"end":{"line":24,"column":37}},"loc":{"start":{"line":24,"column":54},"end":{"line":26,"column":1}}}},"branchMap":{"0":{"loc":{"start":{"line":15,"column":2},"end":{"line":17,"column":3}},"type":"if","locations":[{"start":{"line":15,"column":2},"end":{"line":17,"column":3}},{"start":{},"end":{}}]},"1":{"loc":{"start":{"line":15,"column":6},"end":{"line":15,"column":51}},"type":"binary-expr","locations":[{"start":{"line":15,"column":6},"end":{"line":15,"column":26}},{"start":{"line":15,"column":30},"end":{"line":15,"column":51}}]}},"s":{"0":0,"1":0,"2":0,"3":0,"4":0},"f":{"0":0,"1":0,"2":0},"b":{"0":[0,0],"1":[0,0]}}
,"/Users/family/dev/lagalaga/backend/src/utils/errors.ts": {"path":"/Users/family/dev/lagalaga/backend/src/utils/errors.ts","statementMap":{"0":{"start":{"line":7,"column":4},"end":{"line":7,"column":19}},"1":{"start":{"line":3,"column":11},"end":{"line":3,"column":23}},"2":{"start":{"line":5,"column":11},"end":{"line":5,"column":32}},"3":{"start":{"line":8,"column":4},"end":{"line":8,"column":27}},"4":{"start":{"line":14,"column":4},"end":{"line":14,"column":30}},"5":{"start":{"line":15,"column":4},"end":{"line":15,"column":28}},"6":{"start":{"line":21,"column":4},"end":{"line":21,"column":37}},"7":{"start":{"line":22,"column":4},"end":{"line":22,"column":31}},"8":{"start":{"line":26,"column":26},"end":{"line":35,"column":11}}},"fnMap":{"0":{"name":"(anonymous_0)","decl":{"start":{"line":2,"column":2},"end":{"line":2,"column":null}},"loc":{"start":{"line":5,"column":35},"end":{"line":9,"column":3}}},"1":{"name":"(anonymous_1)","decl":{"start":{"line":13,"column":2},"end":{"line":13,"column":14}},"loc":{"start":{"line":13,"column":43},"end":{"line":16,"column":3}}},"2":{"name":"(anonymous_2)","decl":{"start":{"line":20,"column":2},"end":{"line":20,"column":14}},"loc":{"start":{"line":20,"column":69},"end":{"line":23,"column":3}}}},"branchMap":{"0":{"loc":{"start":{"line":5,"column":11},"end":{"line":5,"column":35}},"type":"default-arg","locations":[{"start":{"line":5,"column":32},"end":{"line":5,"column":35}}]},"1":{"loc":{"start":{"line":20,"column":45},"end":{"line":20,"column":69}},"type":"default-arg","locations":[{"start":{"line":20,"column":66},"end":{"line":20,"column":69}}]}},"s":{"0":0,"1":0,"2":0,"3":0,"4":0,"5":0,"6":0,"7":0,"8":0},"f":{"0":0,"1":0,"2":0},"b":{"0":[0],"1":[0]}}
}
