TN:
SF:src/config/env.ts
FNF:0
FNH:0
DA:1,0
LF:1
LH:0
BRF:0
BRH:0
end_of_record
TN:
SF:src/config/supabase.ts
FN:6,initSupabase
FN:25,getSupabase
FNF:2
FNH:0
FNDA:0,initSupabase
FNDA:0,getSupabase
DA:4,0
DA:7,0
DA:8,0
DA:11,0
DA:22,0
DA:26,0
DA:27,0
DA:29,0
LF:8
LH:0
BRDA:7,0,0,0
BRDA:7,0,1,0
BRDA:26,1,0,0
BRDA:26,1,1,0
BRF:4
BRH:0
end_of_record
TN:
SF:src/middleware/authenticate.ts
FN:4,authenticate
FNF:1
FNH:0
FNDA:0,authenticate
DA:5,0
DA:6,0
DA:8,0
LF:3
LH:0
BRF:0
BRH:0
end_of_record
TN:
SF:src/plugins/auth.ts
FN:4,authPlugin
FNF:1
FNH:0
FNDA:0,authPlugin
DA:5,0
DA:13,0
LF:2
LH:0
BRF:0
BRH:0
end_of_record
TN:
SF:src/plugins/cors.ts
FN:4,corsPlugin
FNF:1
FNH:0
FNDA:0,corsPlugin
DA:5,0
LF:1
LH:0
BRDA:6,0,0,0
BRDA:6,0,1,0
BRF:2
BRH:0
end_of_record
TN:
SF:src/plugins/errorHandler.ts
FN:4,errorHandlerPlugin
FN:6,(anonymous_1)
FNF:2
FNH:0
FNDA:0,errorHandlerPlugin
FNDA:0,(anonymous_1)
DA:5,0
DA:7,0
DA:10,0
DA:11,0
DA:21,0
DA:22,0
DA:32,0
DA:33,0
DA:44,0
DA:45,0
LF:10
LH:0
BRDA:10,0,0,0
BRDA:10,0,1,0
BRDA:21,1,0,0
BRDA:21,1,1,0
BRDA:21,2,0,0
BRDA:21,2,1,0
BRDA:32,3,0,0
BRDA:32,3,1,0
BRDA:44,4,0,0
BRDA:44,4,1,0
BRDA:48,5,0,0
BRDA:48,5,1,0
BRF:12
BRH:0
end_of_record
TN:
SF:src/routes/auth.ts
FN:13,(anonymous_0)
FN:22,authRoutes
FN:43,(anonymous_2)
FN:79,(anonymous_3)
FN:143,(anonymous_4)
FN:177,(anonymous_5)
FN:189,(anonymous_6)
FNF:7
FNH:0
FNDA:0,(anonymous_0)
FNDA:0,authRoutes
FNDA:0,(anonymous_2)
FNDA:0,(anonymous_3)
FNDA:0,(anonymous_4)
FNDA:0,(anonymous_5)
FNDA:0,(anonymous_6)
DA:10,0
DA:13,0
DA:14,0
DA:15,0
DA:16,0
DA:17,0
DA:23,0
DA:24,0
DA:25,0
DA:31,0
DA:44,0
DA:46,0
DA:47,0
DA:49,0
DA:51,0
DA:61,0
DA:80,0
DA:83,0
DA:84,0
DA:86,0
DA:89,0
DA:90,0
DA:94,0
DA:97,0
DA:100,0
DA:108,0
DA:114,0
DA:131,0
DA:144,0
DA:146,0
DA:147,0
DA:150,0
DA:151,0
DA:152,0
DA:156,0
DA:162,0
DA:167,0
DA:175,0
DA:180,0
DA:187,0
DA:190,0
DA:191,0
DA:192,0
DA:195,0
LF:44
LH:0
BRDA:16,0,0,0
BRDA:16,0,1,0
BRDA:83,1,0,0
BRDA:83,1,1,0
BRDA:89,2,0,0
BRDA:89,2,1,0
BRDA:102,3,0,0
BRDA:102,3,1,0
BRDA:151,4,0,0
BRDA:151,4,1,0
BRDA:191,5,0,0
BRDA:191,5,1,0
BRF:12
BRH:0
end_of_record
TN:
SF:src/routes/roblox.ts
FN:4,robloxRoutes
FN:59,(anonymous_1)
FNF:2
FNH:0
FNDA:0,robloxRoutes
FNDA:0,(anonymous_1)
DA:5,0
DA:11,0
DA:60,0
DA:62,0
DA:63,0
DA:72,0
DA:73,0
DA:75,0
DA:80,0
DA:82,0
LF:10
LH:0
BRDA:62,0,0,0
BRDA:62,0,1,0
BRDA:62,1,0,0
BRDA:62,1,1,0
BRDA:86,2,0,0
BRDA:86,2,1,0
BRF:6
BRH:0
end_of_record
TN:
SF:src/routes/sessions.ts
FN:6,sessionsRoutes
FN:29,(anonymous_1)
FN:59,(anonymous_2)
FN:84,(anonymous_3)
FN:109,(anonymous_4)
FN:131,(anonymous_5)
FNF:6
FNH:0
FNDA:0,sessionsRoutes
FNDA:0,(anonymous_1)
FNDA:0,(anonymous_2)
FNDA:0,(anonymous_3)
FNDA:0,(anonymous_4)
FNDA:0,(anonymous_5)
DA:7,0
DA:13,0
DA:30,0
DA:31,0
DA:32,0
DA:39,0
DA:60,0
DA:64,0
DA:71,0
DA:85,0
DA:86,0
DA:87,0
DA:89,0
DA:96,0
DA:110,0
DA:111,0
DA:118,0
DA:132,0
DA:133,0
LF:19
LH:0
BRDA:86,0,0,0
BRDA:86,0,1,0
BRF:2
BRH:0
end_of_record
TN:
SF:src/services/roblox-link-normalizer.ts
FN:12,(anonymous_0)
FN:33,(anonymous_1)
FN:113,(anonymous_2)
FN:125,(anonymous_3)
FN:134,(anonymous_4)
FN:146,(anonymous_5)
FN:181,(anonymous_6)
FN:196,(anonymous_7)
FNF:8
FNH:8
FNDA:1,(anonymous_0)
FNDA:28,(anonymous_1)
FNDA:19,(anonymous_2)
FNDA:6,(anonymous_3)
FNDA:5,(anonymous_4)
FNDA:7,(anonymous_5)
FNDA:4,(anonymous_6)
FNDA:22,(anonymous_7)
DA:12,1
DA:13,1
DA:14,1
DA:15,1
DA:16,1
DA:17,1
DA:34,28
DA:37,28
DA:38,5
DA:39,5
DA:40,4
DA:41,4
DA:53,24
DA:54,24
DA:56,2
DA:60,22
DA:61,7
DA:62,7
DA:63,6
DA:64,6
DA:68,6
DA:79,16
DA:80,13
DA:81,13
DA:82,9
DA:83,9
DA:93,4
DA:94,4
DA:95,3
DA:96,3
DA:106,4
DA:114,19
DA:115,19
DA:116,13
DA:118,6
DA:126,6
DA:127,6
DA:135,5
DA:136,5
DA:137,4
DA:139,1
DA:148,7
DA:149,7
DA:150,3
DA:151,3
DA:152,3
DA:155,3
DA:165,4
DA:166,4
DA:167,3
DA:169,3
DA:174,1
DA:182,4
DA:183,4
DA:187,3
DA:189,1
DA:197,22
LF:57
LH:57
BRDA:12,0,0,1
BRDA:12,0,1,1
BRDA:37,1,0,5
BRDA:37,1,1,23
BRDA:39,2,0,4
BRDA:39,2,1,1
BRDA:60,3,0,7
BRDA:60,3,1,15
BRDA:62,4,0,6
BRDA:62,4,1,1
BRDA:64,5,0,3
BRDA:64,5,1,3
BRDA:79,6,0,13
BRDA:79,6,1,3
BRDA:79,7,0,16
BRDA:79,7,1,4
BRDA:81,8,0,9
BRDA:81,8,1,4
BRDA:94,9,0,3
BRDA:94,9,1,1
BRDA:115,10,0,13
BRDA:115,10,1,6
BRDA:127,11,0,5
BRDA:127,11,1,1
BRDA:136,12,0,4
BRDA:136,12,1,1
BRDA:149,13,0,3
BRDA:149,13,1,4
BRDA:156,14,0,3
BRDA:156,14,1,1
BRDA:170,15,0,3
BRDA:170,15,1,1
BRF:32
BRH:32
end_of_record
TN:
SF:src/services/robloxOAuth.ts
FN:29,(anonymous_0)
FN:34,(anonymous_1)
FN:51,(anonymous_2)
FN:93,(anonymous_3)
FN:126,(anonymous_4)
FNF:5
FNH:0
FNDA:0,(anonymous_0)
FNDA:0,(anonymous_1)
FNDA:0,(anonymous_2)
FNDA:0,(anonymous_3)
FNDA:0,(anonymous_4)
DA:25,0
DA:26,0
DA:27,0
DA:29,0
DA:35,0
DA:45,0
DA:52,0
DA:61,0
DA:62,0
DA:70,0
DA:71,0
DA:72,0
DA:78,0
DA:80,0
DA:81,0
DA:83,0
DA:94,0
DA:95,0
DA:102,0
DA:103,0
DA:104,0
DA:110,0
DA:112,0
DA:113,0
DA:115,0
DA:127,0
DA:128,0
DA:129,0
DA:130,0
DA:132,0
DA:133,0
DA:135,0
LF:32
LH:0
BRDA:70,0,0,0
BRDA:70,0,1,0
BRDA:80,1,0,0
BRDA:80,1,1,0
BRDA:85,2,0,0
BRDA:85,2,1,0
BRDA:102,3,0,0
BRDA:102,3,1,0
BRDA:112,4,0,0
BRDA:112,4,1,0
BRDA:117,5,0,0
BRDA:117,5,1,0
BRDA:129,6,0,0
BRDA:129,6,1,0
BRF:14
BRH:0
end_of_record
TN:
SF:src/services/sessionService.ts
FN:56,(anonymous_0)
FN:72,(anonymous_1)
FN:94,(anonymous_2)
FN:139,(anonymous_3)
FN:149,(anonymous_4)
FN:221,(anonymous_5)
FN:233,(anonymous_6)
FN:239,(anonymous_7)
FN:273,(anonymous_8)
FNF:9
FNH:0
FNDA:0,(anonymous_0)
FNDA:0,(anonymous_1)
FNDA:0,(anonymous_2)
FNDA:0,(anonymous_3)
FNDA:0,(anonymous_4)
FNDA:0,(anonymous_5)
FNDA:0,(anonymous_6)
FNDA:0,(anonymous_7)
FNDA:0,(anonymous_8)
DA:57,0
DA:58,0
DA:59,0
DA:61,0
DA:68,0
DA:69,0
DA:72,0
DA:91,0
DA:95,0
DA:97,0
DA:103,0
DA:104,0
DA:105,0
DA:107,0
DA:110,0
DA:130,0
DA:135,0
DA:136,0
DA:139,0
DA:146,0
DA:150,0
DA:153,0
DA:168,0
DA:169,0
DA:173,0
DA:189,0
DA:190,0
DA:194,0
DA:201,0
DA:222,0
DA:225,0
DA:226,0
DA:227,0
DA:230,0
DA:233,0
DA:234,0
DA:235,0
DA:239,0
DA:240,0
DA:241,0
DA:245,0
DA:261,0
DA:262,0
DA:265,0
DA:274,0
DA:277,0
DA:283,0
DA:284,0
LF:48
LH:0
BRDA:56,0,0,0
BRDA:58,1,0,0
BRDA:58,1,1,0
BRDA:59,2,0,0
BRDA:59,2,1,0
BRDA:68,3,0,0
BRDA:68,3,1,0
BRDA:72,4,0,0
BRDA:72,4,1,0
BRDA:91,5,0,0
BRDA:91,5,1,0
BRDA:103,6,0,0
BRDA:103,6,1,0
BRDA:104,7,0,0
BRDA:104,7,1,0
BRDA:135,8,0,0
BRDA:135,8,1,0
BRDA:139,9,0,0
BRDA:139,9,1,0
BRDA:168,10,0,0
BRDA:168,10,1,0
BRDA:183,11,0,0
BRDA:183,11,1,0
BRDA:189,12,0,0
BRDA:189,12,1,0
BRDA:226,13,0,0
BRDA:226,13,1,0
BRDA:234,14,0,0
BRDA:234,14,1,0
BRDA:240,15,0,0
BRDA:240,15,1,0
BRDA:240,16,0,0
BRDA:240,16,1,0
BRDA:261,17,0,0
BRDA:261,17,1,0
BRDA:283,18,0,0
BRDA:283,18,1,0
BRF:37
BRH:0
end_of_record
TN:
SF:src/services/tokenService.ts
FN:15,(anonymous_0)
FN:17,(anonymous_1)
FN:38,(anonymous_2)
FN:47,(anonymous_3)
FNF:4
FNH:0
FNDA:0,(anonymous_0)
FNDA:0,(anonymous_1)
FNDA:0,(anonymous_2)
FNDA:0,(anonymous_3)
DA:15,0
DA:18,0
DA:30,0
DA:35,0
DA:39,0
DA:40,0
DA:48,0
DA:49,0
LF:8
LH:0
BRF:0
BRH:0
end_of_record
TN:
SF:src/services/userService.ts
FN:23,(anonymous_0)
FN:60,(anonymous_1)
FNF:2
FNH:0
FNDA:0,(anonymous_0)
FNDA:0,(anonymous_1)
DA:24,0
DA:26,0
DA:44,0
DA:45,0
DA:48,0
DA:61,0
DA:63,0
DA:69,0
DA:70,0
DA:71,0
DA:73,0
DA:76,0
LF:12
LH:0
BRDA:32,0,0,0
BRDA:32,0,1,0
BRDA:33,1,0,0
BRDA:33,1,1,0
BRDA:44,2,0,0
BRDA:44,2,1,0
BRDA:69,3,0,0
BRDA:69,3,1,0
BRDA:70,4,0,0
BRDA:70,4,1,0
BRF:10
BRH:0
end_of_record
TN:
SF:src/utils/crypto.ts
FN:6,generateState
FN:14,isValidCodeVerifier
FN:24,generateCodeChallenge
FNF:3
FNH:0
FNDA:0,generateState
FNDA:0,isValidCodeVerifier
FNDA:0,generateCodeChallenge
DA:7,0
DA:15,0
DA:16,0
DA:18,0
DA:25,0
LF:5
LH:0
BRDA:15,0,0,0
BRDA:15,0,1,0
BRDA:15,1,0,0
BRDA:15,1,1,0
BRF:4
BRH:0
end_of_record
TN:
SF:src/utils/errors.ts
FN:2,(anonymous_0)
FN:13,(anonymous_1)
FN:20,(anonymous_2)
FNF:3
FNH:0
FNDA:0,(anonymous_0)
FNDA:0,(anonymous_1)
FNDA:0,(anonymous_2)
DA:3,0
DA:5,0
DA:7,0
DA:8,0
DA:14,0
DA:15,0
DA:21,0
DA:22,0
DA:26,0
LF:9
LH:0
BRDA:5,0,0,0
BRDA:20,1,0,0
BRF:2
BRH:0
end_of_record
